0 info it worked if it ends with ok
1 verbose cli [ '/usr/bin/nodejs', '/usr/bin/npm', 'run', 'ngc' ]
2 info using npm@3.10.9
3 info using node@v6.9.2
4 verbose run-script [ 'prengc', 'ngc', 'postngc' ]
5 info lifecycle test2@1.0.0~prengc: test2@1.0.0
6 silly lifecycle test2@1.0.0~prengc: no script for prengc, continuing
7 info lifecycle test2@1.0.0~ngc: test2@1.0.0
8 verbose lifecycle test2@1.0.0~ngc: unsafe-perm in lifecycle true
9 verbose lifecycle test2@1.0.0~ngc: PATH: /usr/lib/node_modules/npm/bin/node-gyp-bin:/home/peter/Desktop/git/angular2-aot-rollup/node_modules/.bin:/home/peter/bin:/home/peter/.local/bin:/usr/local/sbin:/usr/local/bin:/usr/sbin:/usr/bin:/sbin:/bin:/usr/games:/usr/local/games:/snap/bin
10 verbose lifecycle test2@1.0.0~ngc: CWD: /home/peter/Desktop/git/angular2-aot-rollup
11 silly lifecycle test2@1.0.0~ngc: Args: [ '-c', 'ngc -p tsconfig.aot.json' ]
12 silly lifecycle test2@1.0.0~ngc: Returned: code: 1  signal: null
13 info lifecycle test2@1.0.0~ngc: Failed to exec ngc script
14 verbose stack Error: test2@1.0.0 ngc: `ngc -p tsconfig.aot.json`
14 verbose stack Exit status 1
14 verbose stack     at EventEmitter.<anonymous> (/usr/lib/node_modules/npm/lib/utils/lifecycle.js:255:16)
14 verbose stack     at emitTwo (events.js:106:13)
14 verbose stack     at EventEmitter.emit (events.js:191:7)
14 verbose stack     at ChildProcess.<anonymous> (/usr/lib/node_modules/npm/lib/utils/spawn.js:40:14)
14 verbose stack     at emitTwo (events.js:106:13)
14 verbose stack     at ChildProcess.emit (events.js:191:7)
14 verbose stack     at maybeClose (internal/child_process.js:877:16)
14 verbose stack     at Process.ChildProcess._handle.onexit (internal/child_process.js:226:5)
15 verbose pkgid test2@1.0.0
16 verbose cwd /home/peter/Desktop/git/angular2-aot-rollup
17 error Linux 4.4.0-53-generic
18 error argv "/usr/bin/nodejs" "/usr/bin/npm" "run" "ngc"
19 error node v6.9.2
20 error npm  v3.10.9
21 error code ELIFECYCLE
22 error test2@1.0.0 ngc: `ngc -p tsconfig.aot.json`
22 error Exit status 1
23 error Failed at the test2@1.0.0 ngc script 'ngc -p tsconfig.aot.json'.
23 error Make sure you have the latest version of node.js and npm installed.
23 error If you do, this is most likely a problem with the test2 package,
23 error not with npm itself.
23 error Tell the author that this fails on your system:
23 error     ngc -p tsconfig.aot.json
23 error You can get information on how to open an issue for this project with:
23 error     npm bugs test2
23 error Or if that isn't available, you can get their info via:
23 error     npm owner ls test2
23 error There is likely additional logging output above.
24 verbose exit [ 1, true ]
